<?xml version="1.0" encoding="UTF-8"?>
<!-- Generated by org.testng.reporters.JUnitXMLReporter -->
<testsuite ignored="0" hostname="C107" failures="1" tests="6" name="Command line test" time="35.478" errors="0" timestamp="2023-03-27T14:53:56 ICT">
  <testcase classname="day1.FirstTest" name="chromeBrowserTest" time="1.385">
    <failure type="org.openqa.selenium.remote.http.ConnectionFailedException" message="Unable to establish websocket connection to http://localhost:54702/devtools/browser/e12b37b2-4bcd-45a5-8741-61e6ecf44b38
Build info: version: &amp;apos;4.8.1&amp;apos;, revision: &amp;apos;8ebccac989&amp;apos;
System info: os.name: &amp;apos;Windows 10&amp;apos;, os.arch: &amp;apos;amd64&amp;apos;, os.version: &amp;apos;10.0&amp;apos;, java.version: &amp;apos;11.0.15.1&amp;apos;
Driver info: driver.version: ChromeDriver">
      <![CDATA[org.openqa.selenium.remote.http.ConnectionFailedException: Unable to establish websocket connection to http://localhost:54702/devtools/browser/e12b37b2-4bcd-45a5-8741-61e6ecf44b38
Build info: version: '4.8.1', revision: '8ebccac989'
System info: os.name: 'Windows 10', os.arch: 'amd64', os.version: '10.0', java.version: '11.0.15.1'
Driver info: driver.version: ChromeDriver
at org.openqa.selenium.remote.http.netty.NettyWebSocket.<init>(NettyWebSocket.java:102)
at org.openqa.selenium.remote.http.netty.NettyWebSocket.lambda$create$3(NettyWebSocket.java:128)
at org.openqa.selenium.remote.http.netty.NettyClient.openSocket(NettyClient.java:107)
at org.openqa.selenium.devtools.Connection.<init>(Connection.java:78)
at org.openqa.selenium.chromium.ChromiumDriver.lambda$new$2(ChromiumDriver.java:116)
at java.base/java.util.Optional.map(Optional.java:265)
at org.openqa.selenium.chromium.ChromiumDriver.<init>(ChromiumDriver.java:114)
at org.openqa.selenium.chrome.ChromeDriver.<init>(ChromeDriver.java:82)
at org.openqa.selenium.chrome.ChromeDriver.<init>(ChromeDriver.java:50)
at day1.FirstTest.chromeBrowserTest(FirstTest.java:44)
at java.base/java.util.ArrayList.forEach(ArrayList.java:1541)
... Removed 37 stack frames]]>
    </failure>
  </testcase> <!-- chromeBrowserTest -->
  <testcase classname="day1.FirstTest" name="edgeBrowserTest" time="3.659"/>
  <testcase classname="day1.FirstTest" name="firefoxBrowserTest" time="4.084"/>
  <testcase classname="day14.GithubActionsTest" name="chromeBrowserTest" time="5.226"/>
  <testcase classname="day14.GithubActionsTest" name="edgeBrowserTest" time="4.759"/>
  <testcase classname="day14.GithubActionsTest" name="firefoxBrowserTest" time="16.334"/>
</testsuite> <!-- Command line test -->
